[04/26/26 17:40:31] INFO     No features requested       feature_factory.py:1745
[04/26/26 17:40:32] INFO     No features requested       feature_factory.py:1745
                    INFO     Last checkpoint: None                   train.py:38
                    INFO     Seeding everything to seed 42           train.py:38
                    INFO     Using mixed precision                   train.py:38
[04/26/26 17:40:34] INFO     df_pdb_f0.0005_minl50_maxl128_mtpro pdb_data.py:492
                             tein_etdiffractionEM_minoNone_maxoN                
                             one_minr0.0_maxr3.0_hl_rl_rnsrTrue_                
                             rpuTrue_l_rcuFalse.csv already                     
                             exists, skipping data selection and                
                             processing stage.                                  
                    INFO     Loading dataset csv from            pdb_data.py:583
                             df_pdb_f0.0005_minl50_maxl128_mtpro                
                             tein_etdiffractionEM_minoNone_maxoN                
                             one_minr0.0_maxr3.0_hl_rl_rnsrTrue_                
                             rpuTrue_l_rcuFalse.csv                             
                    INFO     Splitting dataset via random split  pdb_data.py:267
                             into [0.9, 0.08, 0.02]...                          
                    INFO     Reading data into memory            pdb_data.py:363
                    INFO     Reading data into memory            pdb_data.py:363
Sanity Checking: |          | 0/? [00:00<?, ?it/s][04/26/26 17:40:35] INFO     Length of validation set: 2        base_data.py:183
                                                  